/*C1*/SET SCHEMA SYSTEM_LOBS
INSERT INTO BLOCKS VALUES(0,2147483647,0)
COMMIT
/*C2*/SET SCHEMA PUBLIC
create table if not exists DOCTOR\u000a(\u000a    ID BIGINT identity constraint DOCTOR_PK primary key,\u000a    FIRSTNAME      VARCHAR(35) NOT NULL,\u000a    LASTNAME       VARCHAR(35) NOT NULL,\u000a    PATRONYMIC     VARCHAR(35) NOT NULL,\u000a    SPECIALIZATION VARCHAR(35) NOT NULL\u000a)
create table if not exists PATIENT\u000a(\u000a    ID BIGINT identity constraint PATIENT_PK primary key,\u000a    FIRSTNAME  VARCHAR(35) NOT NULL,\u000a    LASTNAME   VARCHAR(35) NOT NULL,\u000a    PATRONYMIC VARCHAR(35) NOT NULL,\u000a    PHONE      VARCHAR(35) NOT NULL\u000a)
create table if not exists RECIPE\u000a(\u000a    ID BIGINT identity constraint RECIPE_PK primary key,\u000a    DESCRIPTION VARCHAR(255) NOT NULL,\u000a    PATIENTID BIGINT,\u000a    DOCTORID BIGINT,\u000a    CREATEDATE DATE NOT NULL,\u000a    VALIDITY DATE NOT NULL,\u000a    STATUS VARCHAR(35) NOT NULL,\u000a    FOREIGN KEY (DOCTORID) REFERENCES DOCTOR (ID),\u000a    FOREIGN KEY (PATIENTID) REFERENCES PATIENT (ID)\u000a)
INSERT INTO DOCTOR VALUES(0,'\u0422\u0430\u0438\u0440','\u0413\u0440\u0438\u0433\u043e\u0440\u044f\u043d','\u041c\u0430\u0445\u043c\u0443\u0434\u043e\u0432\u0438\u0447','\u0422\u0435\u0440\u0430\u043f\u0435\u0432\u0442')
INSERT INTO DOCTOR VALUES(1,'\u0410\u043d\u0434\u0440\u0435\u0439','\u0412\u0438\u043d\u043e\u0433\u0440\u0430\u0434\u043e\u0432','\u0412\u0438\u043a\u0442\u043e\u0440\u043e\u0432\u0438\u0447','\u0425\u0438\u0440\u0443\u0440\u0433')
INSERT INTO DOCTOR VALUES(2,'\u0410\u043d\u0433\u0435\u043b\u0438\u043d\u0430','\u0412\u0430\u0441\u0438\u043b\u044c\u043a\u043e\u0432\u0430','\u041c\u0438\u0445\u0430\u0439\u043b\u043e\u0432\u043d\u0430','\u0421\u0442\u043e\u043c\u0430\u0442\u043e\u043b\u043e\u0433')
INSERT INTO DOCTOR VALUES(3,'\u041f\u0430\u0432\u0435\u043b','\u0410\u043b\u0435\u043a\u0441\u0435\u0435\u0432','\u0413\u0435\u043d\u0430\u0434\u044a\u0435\u0432\u0438\u0447','\u041e\u043d\u043a\u043e\u043b\u043e\u0433')
INSERT INTO DOCTOR VALUES(4,'\u0422\u0430\u0442\u044c\u044f\u043d\u0430','\u041a\u0438\u0440\u044e\u0448\u0438\u043d\u0430','\u0410\u043d\u0430\u0442\u043e\u043b\u044c\u0435\u0432\u043d\u0430','\u041e\u0444\u0442\u0430\u043b\u044c\u043c\u043e\u043b\u043e\u0433')
COMMIT
INSERT INTO PATIENT VALUES(0,'\u0410\u043b\u0435\u043a\u0441\u0430\u043d\u0434\u0440','\u041b\u043e\u0436\u043a\u0438\u043d','\u0418\u043b\u044c\u0438\u0447','8(964)589-15-23')
INSERT INTO PATIENT VALUES(1,'\u041b\u0435\u043e\u043d\u0438\u0434','\u041d\u0438\u043a\u0438\u0442\u0438\u043d','\u0411\u043e\u0440\u0438\u0441\u043e\u0432\u0438\u0447','8(901)466-78-69')
INSERT INTO PATIENT VALUES(2,'\u041b\u0430\u0440\u0438\u0441\u0430','\u0410\u043a\u0438\u043c\u043e\u0432\u0430','\u041d\u0438\u043a\u043e\u043b\u0430\u0435\u0432\u043d\u0430','8(937)794-58-03')
INSERT INTO PATIENT VALUES(3,'\u0422\u0430\u043c\u0430\u0440\u0430','\u0417\u043e\u043b\u043e\u0442\u0446\u0435\u0432\u0430','\u0421\u0435\u0440\u0433\u0435\u0435\u0432\u043d\u0430','8(927)146-83-19')
INSERT INTO PATIENT VALUES(4,'\u0412\u043b\u0430\u0434\u0438\u0441\u043b\u0430\u0432','\u0422\u0430\u0440\u0430\u0441\u043e\u0432','\u0413\u043b\u0435\u0431\u043e\u0432\u0438\u0447','8(999)896-14-93')
COMMIT
INSERT INTO RECIPE VALUES(0,'\u041e\u043f\u0438\u0441\u0430\u043d\u0438\u0435 1',1,2,'2019-04-21','2019-05-02','Statim')
INSERT INTO RECIPE VALUES(1,'\u041e\u043f\u0438\u0441\u0430\u043d\u0438\u0435 2',1,3,'2019-05-01','2019-05-19','Statim')
INSERT INTO RECIPE VALUES(2,'\u041e\u043f\u0438\u0441\u0430\u043d\u0438\u0435 3',2,4,'2019-05-04','2019-05-21','Normal')
INSERT INTO RECIPE VALUES(3,'\u041e\u043f\u0438\u0441\u0430\u043d\u0438\u0435 4',3,4,'2019-05-06','2019-05-22','Normal')
INSERT INTO RECIPE VALUES(4,'\u041e\u043f\u0438\u0441\u0430\u043d\u0438\u0435 5',4,4,'2019-05-12','2019-05-26','Cito')
COMMIT
